<?xml version="1.0" encoding="UTF-8"?>
<testsuite xmlns:xsi="http://www.w3.org/2001/XMLSchema-instance" xsi:noNamespaceSchemaLocation="https://maven.apache.org/surefire/maven-surefire-plugin/xsd/surefire-test-report.xsd" version="3.0.2" name="com.demo.springbootEC2.SpringbootEC2DemoApplication.SpringbootEc2DemoApplicationTests" time="2.236" tests="1" errors="0" skipped="0" failures="0" flakes="0">
  <properties>
[...]
</properties>
  <testcase name="contextLoads" classname="com.demo.springbootEC2.SpringbootEC2DemoApplication.SpringbootEc2DemoApplicationTests" time="0.574">
    <system-out><![CDATA[13:08:08.714 [main] INFO org.springframework.test.context.support.AnnotationConfigContextLoaderUtils -- Could not detect default configuration classes for test class [com.demo.springbootEC2.SpringbootEC2DemoApplication.SpringbootEc2DemoApplicationTests]: SpringbootEc2DemoApplicationTests does not declare any static, non-private, non-final, nested classes annotated with @Configuration.
13:08:08.807 [main] INFO org.springframework.boot.test.context.SpringBootTestContextBootstrapper -- Found @SpringBootConfiguration com.demo.springbootEC2.SpringbootEC2DemoApplication.SpringbootEc2DemoApplication for test class com.demo.springbootEC2.SpringbootEC2DemoApplication.SpringbootEc2DemoApplicationTests
13:08:08.893 [main] INFO org.springframework.test.context.support.AnnotationConfigContextLoaderUtils -- Could not detect default configuration classes for test class [com.demo.springbootEC2.SpringbootEC2DemoApplication.SpringbootEc2DemoApplicationTests]: SpringbootEc2DemoApplicationTests does not declare any static, non-private, non-final, nested classes annotated with @Configuration.
13:08:08.894 [main] INFO org.springframework.boot.test.context.SpringBootTestContextBootstrapper -- Found @SpringBootConfiguration com.demo.springbootEC2.SpringbootEC2DemoApplication.SpringbootEc2DemoApplication for test class com.demo.springbootEC2.SpringbootEC2DemoApplication.SpringbootEc2DemoApplicationTests

  .   ____          _            __ _ _
 /\\ / ___'_ __ _ _(_)_ __  __ _ \ \ \ \
( ( )\___ | '_ | '_| | '_ \/ _` | \ \ \ \
 \\/  ___)| |_)| | | | | || (_| |  ) ) ) )
  '  |____| .__|_| |_|_| |_\__, | / / / /
 =========|_|==============|___/=/_/_/_/

 :: Spring Boot ::                (v4.0.7)

2026-07-16T13:08:09.213+05:30  INFO 24900 --- [SpringbootEC2DemoApplication] [           main] .d.s.S.SpringbootEc2DemoApplicationTests : Starting SpringbootEc2DemoApplicationTests using Java 17.0.13 with PID 24900 (started by piyus in D:\Spring_learning\Spring_boot\SpringbootEC2DemoApplication)
2026-07-16T13:08:09.219+05:30  INFO 24900 --- [SpringbootEC2DemoApplication] [           main] .d.s.S.SpringbootEc2DemoApplicationTests : No active profile set, falling back to 1 default profile: "default"
2026-07-16T13:08:10.155+05:30  INFO 24900 --- [SpringbootEC2DemoApplication] [           main] .d.s.S.SpringbootEc2DemoApplicationTests : Started SpringbootEc2DemoApplicationTests in 1.219 seconds (process running for 2.217)
]]></system-out>
  </testcase>
</testsuite>